<?xml version="1.0" encoding="UTF-8"?>
<!-- Generated by org.testng.reporters.JUnitReportReporter -->
<testsuite hostname="DESKTOP-4J7955V" name="Jaswanth.Automation.Script.SampleTest" tests="1" failures="0" timestamp="9 Mar 2020 05:33:29 GMT" time="19.784" errors="0">
  <testcase name="test" time="19.784" classname="Jaswanth.Automation.Script.SampleTest"/>
</testsuite> <!-- Jaswanth.Automation.Script.SampleTest -->
